This is pdfTeX, Version 3.1415926-2.5-1.40.14 (TeX Live 2013/Debian) (format=pdflatex 2014.11.17)  22 DEC 2014 14:05
entering extended mode
 restricted \write18 enabled.
 %&-line parsing enabled.
**"User Guide.tex"
(./User Guide.tex
LaTeX2e <2011/06/27>
Babel <3.9h> and hyphenation patterns for 2 languages loaded.
(/usr/share/texlive/texmf-dist/tex/latex/base/article.cls
Document Class: article 2007/10/19 v1.4h Standard LaTeX document class
(/usr/share/texlive/texmf-dist/tex/latex/base/size10.clo
File: size10.clo 2007/10/19 v1.4h Standard LaTeX file (size option)
)
\c@part=\count79
\c@section=\count80
\c@subsection=\count81
\c@subsubsection=\count82
\c@paragraph=\count83
\c@subparagraph=\count84
\c@figure=\count85
\c@table=\count86
\abovecaptionskip=\skip41
\belowcaptionskip=\skip42
\bibindent=\dimen102
)
(/usr/share/texlive/texmf-dist/tex/latex/graphics/graphicx.sty
Package: graphicx 1999/02/16 v1.0f Enhanced LaTeX Graphics (DPC,SPQR)

(/usr/share/texlive/texmf-dist/tex/latex/graphics/keyval.sty
Package: keyval 1999/03/16 v1.13 key=value parser (DPC)
\KV@toks@=\toks14
)
(/usr/share/texlive/texmf-dist/tex/latex/graphics/graphics.sty
Package: graphics 2009/02/05 v1.0o Standard LaTeX Graphics (DPC,SPQR)

(/usr/share/texlive/texmf-dist/tex/latex/graphics/trig.sty
Package: trig 1999/03/16 v1.09 sin cos tan (DPC)
)
(/etc/texmf/tex/latex/config/graphics.cfg
File: graphics.cfg 2009/08/28 v1.8 graphics configuration of TeX Live
)
Package graphics Info: Driver file: pdftex.def on input line 91.

(/usr/share/texlive/texmf-dist/tex/latex/pdftex-def/pdftex.def
File: pdftex.def 2011/05/27 v0.06d Graphics/color for pdfTeX

(/usr/share/texlive/texmf-dist/tex/generic/oberdiek/infwarerr.sty
Package: infwarerr 2010/04/08 v1.3 Providing info/warning/error messages (HO)
)
(/usr/share/texlive/texmf-dist/tex/generic/oberdiek/ltxcmds.sty
Package: ltxcmds 2011/11/09 v1.22 LaTeX kernel commands for general use (HO)
)
\Gread@gobject=\count87
))
\Gin@req@height=\dimen103
\Gin@req@width=\dimen104
)
No file "User Guide".aux.
\openout1 = `"User Guide.aux"'.

LaTeX Font Info:    Checking defaults for OML/cmm/m/it on input line 4.
LaTeX Font Info:    ... okay on input line 4.
LaTeX Font Info:    Checking defaults for T1/cmr/m/n on input line 4.
LaTeX Font Info:    ... okay on input line 4.
LaTeX Font Info:    Checking defaults for OT1/cmr/m/n on input line 4.
LaTeX Font Info:    ... okay on input line 4.
LaTeX Font Info:    Checking defaults for OMS/cmsy/m/n on input line 4.
LaTeX Font Info:    ... okay on input line 4.
LaTeX Font Info:    Checking defaults for OMX/cmex/m/n on input line 4.
LaTeX Font Info:    ... okay on input line 4.
LaTeX Font Info:    Checking defaults for U/cmr/m/n on input line 4.
LaTeX Font Info:    ... okay on input line 4.
(/usr/share/texlive/texmf-dist/tex/context/base/supp-pdf.mkii
[Loading MPS to PDF converter (version 2006.09.02).]
\scratchcounter=\count88
\scratchdimen=\dimen105
\scratchbox=\box26
\nofMPsegments=\count89
\nofMParguments=\count90
\everyMPshowfont=\toks15
\MPscratchCnt=\count91
\MPscratchDim=\dimen106
\MPnumerator=\count92
\makeMPintoPDFobject=\count93
\everyMPtoPDFconversion=\toks16
)
LaTeX Font Info:    External font `cmex10' loaded for size
(Font)              <12> on input line 8.
LaTeX Font Info:    External font `cmex10' loaded for size
(Font)              <8> on input line 8.
LaTeX Font Info:    External font `cmex10' loaded for size
(Font)              <6> on input line 8.
LaTeX Font Info:    External font `cmex10' loaded for size
(Font)              <7> on input line 11.
LaTeX Font Info:    External font `cmex10' loaded for size
(Font)              <5> on input line 11.
 [1

{/var/lib/texmf/fonts/map/pdftex/updmap/pdftex.map}]
<images/errscreen.jpg, id=13, 359.09157pt x 197.23688pt>
File: images/errscreen.jpg Graphic file (type jpg)

<use images/errscreen.jpg>
Package pdftex.def Info: images/errscreen.jpg used on input line 28.
(pdftex.def)             Requested size: 359.09068pt x 197.23637pt.

Overfull \hbox (14.09068pt too wide) in paragraph at lines 28--29
 [][] 
 []

<images/jarmissed.jpg, id=14, 1028.34187pt x 578.16pt>
File: images/jarmissed.jpg Graphic file (type jpg)

<use images/jarmissed.jpg>
Package pdftex.def Info: images/jarmissed.jpg used on input line 44.
(pdftex.def)             Requested size: 514.16968pt x 289.07928pt.

Overfull \hbox (169.16968pt too wide) in paragraph at lines 44--45
 [][] 
 []

<images/selectpath.jpg, id=15, 1028.34187pt x 578.16pt>
File: images/selectpath.jpg Graphic file (type jpg)

<use images/selectpath.jpg>
Package pdftex.def Info: images/selectpath.jpg used on input line 59.
(pdftex.def)             Requested size: 308.50494pt x 173.44933pt.

<images/correctjar.jpg, id=16, 1028.34187pt x 578.16pt>
File: images/correctjar.jpg Graphic file (type jpg)

<use images/correctjar.jpg>
Package pdftex.def Info: images/correctjar.jpg used on input line 64.
(pdftex.def)             Requested size: 411.32947pt x 231.2599pt.

Overfull \hbox (66.32947pt too wide) in paragraph at lines 64--65
 [][] 
 []


Overfull \hbox (12.14488pt too wide) in paragraph at lines 55--67
[]\OT1/cmr/m/n/10 In the opened file browser se-lect the folder con-tain-ing th
e bparser.jar
 []


Overfull \hbox (10.92444pt too wide) in paragraph at lines 55--67
\OT1/cmr/m/n/10 which is: ".../head-er-im-porter/bparser/out/artifacts/\OT1/cmt
t/m/n/10 bparser[]jar\OT1/cmr/m/n/10 "
 []


LaTeX Warning: `h' float specifier changed to `ht'.


LaTeX Warning: `h' float specifier changed to `ht'.

[2 <./images/errscreen.jpg>]
<images/javalibmissed.jpg, id=20, 1028.34187pt x 578.16pt>
File: images/javalibmissed.jpg Graphic file (type jpg)

<use images/javalibmissed.jpg>
Package pdftex.def Info: images/javalibmissed.jpg used on input line 74.
(pdftex.def)             Requested size: 411.32947pt x 231.2599pt.

Overfull \hbox (66.32947pt too wide) in paragraph at lines 74--75
 [][] 
 []


LaTeX Warning: `h' float specifier changed to `ht'.

Missing character: There is no ‚ in font cmr10!
Missing character: There is no Ä in font cmr10!
Missing character: There is no ù in font cmr10!
Missing character: There is no ‚ in font cmr10!
Missing character: There is no Ä in font cmr10!
Missing character: There is no ù in font cmr10!

Overfull \hbox (115.30803pt too wide) in paragraph at lines 77--79
\OT1/cmr/m/n/10 lect-ing the file in this address:.../importer-stdio/bparser/ou
t/artifacts/\OT1/cmtt/m/n/10 bparser[]jar\OT1/cmr/m/n/10 /bparser.jar 
 []

<images/dialog.jpg, id=21, 389.95688pt x 167.12437pt>
File: images/dialog.jpg Graphic file (type jpg)
 <use images/dialog.jpg>
Package pdftex.def Info: images/dialog.jpg used on input line 83.
(pdftex.def)             Requested size: 194.97795pt x 83.56197pt.


LaTeX Warning: `h' float specifier changed to `ht'.

[3 <./images/jarmissed.jpg>]
Missing character: There is no ‚ in font cmr10!
Missing character: There is no Ä in font cmr10!
Missing character: There is no ú in font cmr10!
Missing character: There is no ‚ in font cmr10!
Missing character: There is no Ä in font cmr10!
Missing character: There is no ù in font cmr10!
 [4 <./images/selectpath.jpg>]
Missing character: There is no ‚ in font cmr10!
Missing character: There is no Ä in font cmr10!
Missing character: There is no ú in font cmr10!
Missing character: There is no ‚ in font cmr10!
Missing character: There is no Ä in font cmr10!
Missing character: There is no ù in font cmr10!
Missing character: There is no ‚ in font cmr10!
Missing character: There is no Ä in font cmr10!
Missing character: There is no ú in font cmr10!
Missing character: There is no ‚ in font cmr10!
Missing character: There is no Ä in font cmr10!
Missing character: There is no ù in font cmr10!
 [5 <./images/correctjar.jpg>]
Missing character: There is no ‚ in font cmr10!
Missing character: There is no Ä in font cmr10!
Missing character: There is no ú in font cmr10!
Missing character: There is no ‚ in font cmr10!
Missing character: There is no Ä in font cmr10!
Missing character: There is no ù in font cmr10!

Overfull \hbox (117.02893pt too wide) in paragraph at lines 114--115
\OT1/cmr/m/n/10 pa-per: http://mbeddr.com/files/tomassettiratiu-extractingvaria
bilityfromcandliftingittombeddr.pdf. 
 []

[6 <./images/javalibmissed.jpg> <./images/dialog.jpg>]
Missing character: There is no ‚ in font cmr10!
Missing character: There is no Ä in font cmr10!
Missing character: There is no ú in font cmr10!
Missing character: There is no ‚ in font cmr10!
Missing character: There is no Ä in font cmr10!
Missing character: There is no ù in font cmr10!
Missing character: There is no ‚ in font cmr10!
Missing character: There is no Ä in font cmr10!
Missing character: There is no ú in font cmr10!
Missing character: There is no ‚ in font cmr10!
Missing character: There is no Ä in font cmr10!
Missing character: There is no ù in font cmr10!
Missing character: There is no ‚ in font cmr10!
Missing character: There is no Ä in font cmr10!
Missing character: There is no ú in font cmr10!
Missing character: There is no ‚ in font cmr10!
Missing character: There is no Ä in font cmr10!
Missing character: There is no ù in font cmr10!
Missing character: There is no ‚ in font cmr10!
Missing character: There is no Ä in font cmr10!
Missing character: There is no ú in font cmr10!
Missing character: There is no ‚ in font cmr10!
Missing character: There is no Ä in font cmr10!
Missing character: There is no ù in font cmr10!

<images/buildsett.jpg, id=34, 1028.34187pt x 578.16pt>
File: images/buildsett.jpg Graphic file (type jpg)

<use images/buildsett.jpg>
Package pdftex.def Info: images/buildsett.jpg used on input line 135.
(pdftex.def)             Requested size: 308.50494pt x 173.44933pt.
 [7] [8 <./images/buildsett.jpg>] (./User Guide.aux) ) 
Here is how much of TeX's memory you used:
 1163 strings out of 495032
 15433 string characters out of 6181717
 67725 words of memory out of 5000000
 4408 multiletter control sequences out of 15000+600000
 7448 words of font info for 27 fonts, out of 8000000 for 9000
 14 hyphenation exceptions out of 8191
 27i,8n,19p,817b,425s stack positions out of 5000i,500n,10000p,200000b,80000s
</usr/share/texlive/texmf
-dist/fonts/type1/public/amsfonts/cm/cmbx12.pfb></usr/share/texlive/texmf-dist/
fonts/type1/public/amsfonts/cm/cmr10.pfb></usr/share/texlive/texmf-dist/fonts/t
ype1/public/amsfonts/cm/cmr12.pfb></usr/share/texlive/texmf-dist/fonts/type1/pu
blic/amsfonts/cm/cmr17.pfb></usr/share/texlive/texmf-dist/fonts/type1/public/am
sfonts/cm/cmr6.pfb></usr/share/texlive/texmf-dist/fonts/type1/public/amsfonts/c
m/cmr7.pfb></usr/share/texlive/texmf-dist/fonts/type1/public/amsfonts/cm/cmr8.p
fb></usr/share/texlive/texmf-dist/fonts/type1/public/amsfonts/cm/cmtt10.pfb>
Output written on "User Guide.pdf" (8 pages, 991784 bytes).
PDF statistics:
 68 PDF objects out of 1000 (max. 8388607)
 0 named destinations out of 1000 (max. 500000)
 36 words of extra memory for PDF output out of 10000 (max. 10000000)

